#
# There is insufficient memory for the Java Runtime Environment to continue.
# Native memory allocation (malloc) failed to allocate 203056 bytes. Error detail: Chunk::new
# Possible reasons:
#   The system is out of physical RAM or swap space
#   This process is running with CompressedOops enabled, and the Java Heap may be blocking the growth of the native heap
# Possible solutions:
#   Reduce memory load on the system
#   Increase physical memory or swap space
#   Check if swap backing store is full
#   Decrease Java heap size (-Xmx/-Xms)
#   Decrease number of Java threads
#   Decrease Java thread stack sizes (-Xss)
#   Set larger code cache with -XX:ReservedCodeCacheSize=
#   JVM is running with Unscaled Compressed Oops mode in which the Java heap is
#     placed in the first 4GB address space. The Java Heap base address is the
#     maximum limit for the native heap growth. Please use -XX:HeapBaseMinAddress
#     to set the Java Heap base and to place the Java Heap above 4GB virtual address.
# This output file may be truncated or incomplete.
#
#  Out of Memory Error (arena.cpp:168), pid=12212, tid=62700
#
# JRE version: OpenJDK Runtime Environment Temurin-21.0.10+7 (21.0.10+7) (build 21.0.10+7-LTS)
# Java VM: OpenJDK 64-Bit Server VM Temurin-21.0.10+7 (21.0.10+7-LTS, mixed mode, sharing, tiered, compressed oops, compressed class ptrs, parallel gc, windows-amd64)
# No core dump will be written. Minidumps are not enabled by default on client versions of Windows
#

---------------  S U M M A R Y ------------

Command Line: --add-modules=ALL-SYSTEM --add-opens=java.base/java.util=ALL-UNNAMED --add-opens=java.base/java.lang=ALL-UNNAMED --add-opens=java.base/sun.nio.fs=ALL-UNNAMED -Declipse.application=org.eclipse.jdt.ls.core.id1 -Dosgi.bundles.defaultStartLevel=4 -Declipse.product=org.eclipse.jdt.ls.core.product -Djava.import.generatesMetadataFilesAtProjectRoot=false -DDetectVMInstallationsJob.disabled=true -Dfile.encoding=utf8 -XX:+UseParallelGC -XX:GCTimeRatio=4 -XX:AdaptiveSizePolicyWeight=90 -Dsun.zip.disableMemoryMapping=true -Xmx2G -Xms100m -Xlog:disable -javaagent:c:\Users\mziyabos\.vscode\extensions\redhat.java-1.54.0-win32-x64\lombok\lombok-1.18.39-4050.jar c:\Users\mziyabos\.vscode\extensions\redhat.java-1.54.0-win32-x64\server\plugins\org.eclipse.equinox.launcher_1.7.100.v20251111-0406.jar -configuration c:\Users\mziyabos\AppData\Roaming\Code\User\globalStorage\redhat.java\1.54.0\config_ss_win -data c:\Users\mziyabos\AppData\Roaming\Code\User\workspaceStorage\67eed9360cde023d097973a63e202b54\redhat.java\ss_ws --pipe=\\.\pipe\lsp-8a8ec9e03ffce328cb0f7eccf1ac4ab1-sock

Host: Intel(R) Core(TM) Ultra 7 155H, 22 cores, 63G,  Windows 11 , 64 bit Build 22621 (10.0.22621.5415)
Time: Wed Jun 24 21:02:10 2026 South Africa Standard Time elapsed time: 3.474090 seconds (0d 0h 0m 3s)

---------------  T H R E A D  ---------------

Current thread (0x000001e8fea807c0):  JavaThread "C2 CompilerThread0" daemon [_thread_in_native, id=62700, stack(0x000000cfc7700000,0x000000cfc7800000) (1024K)]


Current CompileTask:
C2:3474 1031   !   4       java.lang.String::<init> (880 bytes)

Stack: [0x000000cfc7700000,0x000000cfc7800000]
Native frames: (J=compiled Java code, j=interpreted, Vv=VM code, C=native code)
V  [jvm.dll+0x6d7a39]
V  [jvm.dll+0x8b4b26]
V  [jvm.dll+0x8b70de]
V  [jvm.dll+0x8b77c3]
V  [jvm.dll+0x284346]
V  [jvm.dll+0xc66ed]
V  [jvm.dll+0xc6c31]
V  [jvm.dll+0x2fb29e]
V  [jvm.dll+0x5fe884]
V  [jvm.dll+0x255b17]
V  [jvm.dll+0x255edd]
V  [jvm.dll+0x24e500]
V  [jvm.dll+0x24ba42]
V  [jvm.dll+0x1cb34e]
V  [jvm.dll+0x25b85d]
V  [jvm.dll+0x259dea]
V  [jvm.dll+0x3f857e]
V  [jvm.dll+0x85f59d]
V  [jvm.dll+0x6d626d]
C  [ucrtbase.dll+0x29333]
C  [KERNEL32.DLL+0x1259d]
C  [ntdll.dll+0x5af78]


---------------  P R O C E S S  ---------------

Threads class SMR info:
_java_thread_list=0x000001e8d57869c0, length=14, elements={
0x000001e8f5c6f190, 0x000001e8f5d1dc40, 0x000001e8f5bfea80, 0x000001e8f5c009e0,
0x000001e8f5c033d0, 0x000001e8f5c097b0, 0x000001e8fea7a7f0, 0x000001e8fea807c0,
0x000001e8fea82fd0, 0x000001e8feb7dc30, 0x000001e8fea7bba0, 0x000001e8fed32520,
0x000001e8fea7b510, 0x000001e8d514f8f0
}

Java Threads: ( => current thread )
  0x000001e8f5c6f190 JavaThread "main"                              [_thread_in_Java, id=45696, stack(0x000000cfc6d00000,0x000000cfc6e00000) (1024K)]
  0x000001e8f5d1dc40 JavaThread "Reference Handler"          daemon [_thread_blocked, id=84712, stack(0x000000cfc7100000,0x000000cfc7200000) (1024K)]
  0x000001e8f5bfea80 JavaThread "Finalizer"                  daemon [_thread_blocked, id=86732, stack(0x000000cfc7200000,0x000000cfc7300000) (1024K)]
  0x000001e8f5c009e0 JavaThread "Signal Dispatcher"          daemon [_thread_blocked, id=20092, stack(0x000000cfc7300000,0x000000cfc7400000) (1024K)]
  0x000001e8f5c033d0 JavaThread "Attach Listener"            daemon [_thread_blocked, id=56764, stack(0x000000cfc7400000,0x000000cfc7500000) (1024K)]
  0x000001e8f5c097b0 JavaThread "Service Thread"             daemon [_thread_blocked, id=46800, stack(0x000000cfc7500000,0x000000cfc7600000) (1024K)]
  0x000001e8fea7a7f0 JavaThread "Monitor Deflation Thread"   daemon [_thread_blocked, id=61220, stack(0x000000cfc7600000,0x000000cfc7700000) (1024K)]
=>0x000001e8fea807c0 JavaThread "C2 CompilerThread0"         daemon [_thread_in_native, id=62700, stack(0x000000cfc7700000,0x000000cfc7800000) (1024K)]
  0x000001e8fea82fd0 JavaThread "C1 CompilerThread0"         daemon [_thread_blocked, id=63068, stack(0x000000cfc7800000,0x000000cfc7900000) (1024K)]
  0x000001e8feb7dc30 JavaThread "C1 CompilerThread1"         daemon [_thread_blocked, id=77932, stack(0x000000cfc7900000,0x000000cfc7a00000) (1024K)]
  0x000001e8fea7bba0 JavaThread "Common-Cleaner"             daemon [_thread_blocked, id=35948, stack(0x000000cfc7a00000,0x000000cfc7b00000) (1024K)]
  0x000001e8fed32520 JavaThread "C1 CompilerThread2"         daemon [_thread_blocked, id=66820, stack(0x000000cfc7b00000,0x000000cfc7c00000) (1024K)]
  0x000001e8fea7b510 JavaThread "Notification Thread"        daemon [_thread_blocked, id=49744, stack(0x000000cfc7c00000,0x000000cfc7d00000) (1024K)]
  0x000001e8d514f8f0 JavaThread "C2 CompilerThread1"         daemon [_thread_in_native, id=37664, stack(0x000000cfc7d00000,0x000000cfc7e00000) (1024K)]
Total: 14

Other Threads:
  0x000001e8f5bf4870 VMThread "VM Thread"                           [id=62212, stack(0x000000cfc7000000,0x000000cfc7100000) (1024K)]
  0x000001e8f5cdcc90 WatcherThread "VM Periodic Task Thread"        [id=69344, stack(0x000000cfc6f00000,0x000000cfc7000000) (1024K)]
  0x000001e8f5c8ebf0 WorkerThread "GC Thread#0"                     [id=11436, stack(0x000000cfc6e00000,0x000000cfc6f00000) (1024K)]
Total: 3

Threads with active compile tasks:
C2 CompilerThread0  3541 1031   !   4       java.lang.String::<init> (880 bytes)
C2 CompilerThread1  3542 1030   !   4       java.util.jar.Attributes::read (494 bytes)
Total: 2

VM state: not at safepoint (normal execution)

VM Mutex/Monitor currently owned by a thread: None

Heap address: 0x0000000080000000, size: 2048 MB, Compressed Oops mode: 32-bit

CDS archive(s) mapped at: [0x000001e88f000000-0x000001e88fba0000-0x000001e88fba0000), size 12189696, SharedBaseAddress: 0x000001e88f000000, ArchiveRelocationMode: 1.
Compressed class space mapped at: 0x000001e890000000-0x000001e8d0000000, reserved size: 1073741824
Narrow klass base: 0x000001e88f000000, Narrow klass shift: 0, Narrow klass range: 0x100000000

GC Precious Log:
 CardTable entry size: 512
 CPUs: 22 total, 22 available
 Memory: 64840M
 Large Page Support: Disabled
 NUMA Support: Disabled
 Compressed Oops: Enabled (32-bit)
 Alignments: Space 512K, Generation 512K, Heap 2M
 Heap Min Capacity: 100M
 Heap Initial Capacity: 100M
 Heap Max Capacity: 2G
 Pre-touch: Disabled
 Parallel Workers: 16

Heap:
 PSYoungGen      total 29696K, used 22279K [0x00000000d5580000, 0x00000000d7680000, 0x0000000100000000)
  eden space 25600K, 87% used [0x00000000d5580000,0x00000000d6b41db8,0x00000000d6e80000)
  from space 4096K, 0% used [0x00000000d7280000,0x00000000d7280000,0x00000000d7680000)
  to   space 4096K, 0% used [0x00000000d6e80000,0x00000000d6e80000,0x00000000d7280000)
 ParOldGen       total 68608K, used 0K [0x0000000080000000, 0x0000000084300000, 0x00000000d5580000)
  object space 68608K, 0% used [0x0000000080000000,0x0000000080000000,0x0000000084300000)
 Metaspace       used 3952K, committed 4224K, reserved 1114112K
  class space    used 436K, committed 576K, reserved 1048576K

Card table byte_map: [0x000001e8f5600000,0x000001e8f5a10000] _byte_map_base: 0x000001e8f5200000

Marking Bits: (ParMarkBitMap*) 0x00007ffea2b53450
 Begin Bits: [0x000001e8f9110000, 0x000001e8fb110000)
 End Bits:   [0x000001e8fb110000, 0x000001e8fd110000)

Polling page: 0x000001e8f3ad0000

Metaspace:

Usage:
  Non-class:      3.43 MB used.
      Class:    436.62 KB used.
       Both:      3.86 MB used.

Virtual space:
  Non-class space:       64.00 MB reserved,       3.56 MB (  6%) committed,  1 nodes.
      Class space:        1.00 GB reserved,     576.00 KB ( <1%) committed,  1 nodes.
             Both:        1.06 GB reserved,       4.12 MB ( <1%) committed. 

Chunk freelists:
   Non-Class:  11.31 MB
       Class:  15.45 MB
        Both:  26.77 MB

MaxMetaspaceSize: unlimited
CompressedClassSpaceSize: 1.00 GB
Initial GC threshold: 21.00 MB
Current GC threshold: 21.00 MB
CDS: on
 - commit_granule_bytes: 65536.
 - commit_granule_words: 8192.
 - virtual_space_node_default_size: 8388608.
 - enlarge_chunks_in_place: 1.
 - use_allocation_guard: 0.


Internal statistics:

num_allocs_failed_limit: 0.
num_arena_births: 178.
num_arena_deaths: 0.
num_vsnodes_births: 2.
num_vsnodes_deaths: 0.
num_space_committed: 66.
num_space_uncommitted: 0.
num_chunks_returned_to_freelist: 0.
num_chunks_taken_from_freelist: 234.
num_chunk_merges: 0.
num_chunk_splits: 151.
num_chunks_enlarged: 85.
num_inconsistent_stats: 0.

CodeHeap 'non-profiled nmethods': size=119168Kb used=400Kb max_used=400Kb free=118767Kb
 bounds [0x000001e887ba0000, 0x000001e887e10000, 0x000001e88f000000]
CodeHeap 'profiled nmethods': size=119104Kb used=1704Kb max_used=1704Kb free=117399Kb
 bounds [0x000001e880000000, 0x000001e880270000, 0x000001e887450000]
CodeHeap 'non-nmethods': size=7488Kb used=2317Kb max_used=2344Kb free=5170Kb
 bounds [0x000001e887450000, 0x000001e8876c0000, 0x000001e887ba0000]
CodeCache: size=245760Kb, used=4421Kb, max_used=4448Kb, free=241336Kb
 total_blobs=1515, nmethods=1062, adapters=358, full_count=0
Compilation: enabled, stopped_count=0, restarted_count=0

Compilation events (20 events):
Event: 3.404 Thread 0x000001e8fea82fd0 1034       3       sun.security.util.ObjectIdentifier::equals (36 bytes)
Event: 3.404 Thread 0x000001e8fed32520 1035  s    3       java.util.Hashtable::get (69 bytes)
Event: 3.405 Thread 0x000001e8fea82fd0 nmethod 1034 0x000001e880197790 code [0x000001e880197960, 0x000001e880197d58]
Event: 3.405 Thread 0x000001e8fed32520 nmethod 1035 0x000001e880197e10 code [0x000001e880198000, 0x000001e880198550]
Event: 3.413 Thread 0x000001e8fed32520 1036 %     3       java.math.BigInteger::implMultiplyToLen @ 135 (216 bytes)
Event: 3.415 Thread 0x000001e8fed32520 nmethod 1036% 0x000001e880198710 code [0x000001e880198920, 0x000001e880199008]
Event: 3.416 Thread 0x000001e8fed32520 1037       3       java.math.BigInteger::implMultiplyToLen (216 bytes)
Event: 3.417 Thread 0x000001e8fed32520 nmethod 1037 0x000001e880199490 code [0x000001e880199680, 0x000001e880199c28]
Event: 3.423 Thread 0x000001e8d514f8f0 nmethod 1013 0x000001e887c01510 code [0x000001e887c016e0, 0x000001e887c01d10]
Event: 3.424 Thread 0x000001e8d514f8f0 1030   !   4       java.util.jar.Attributes::read (494 bytes)
Event: 3.428 Thread 0x000001e8fea807c0 nmethod 1006 0x000001e887c02010 code [0x000001e887c021e0, 0x000001e887c02928]
Event: 3.428 Thread 0x000001e8fed32520 1039       3       sun.security.util.DerOutputStream::putLength (147 bytes)
Event: 3.428 Thread 0x000001e8fea807c0 1018       4       java.util.HashMap::hash (20 bytes)
Event: 3.431 Thread 0x000001e8fea807c0 nmethod 1018 0x000001e887c02d10 code [0x000001e887c02ea0, 0x000001e887c02fa0]
Event: 3.432 Thread 0x000001e8fed32520 nmethod 1039 0x000001e88019a010 code [0x000001e88019a3e0, 0x000001e88019c858]
Event: 3.432 Thread 0x000001e8fea807c0 1031   !   4       java.lang.String::<init> (880 bytes)
Event: 3.434 Thread 0x000001e8fed32520 1040       3       sun.security.util.SignatureFileVerifier::updateSigners (132 bytes)
Event: 3.434 Thread 0x000001e8fea82fd0 1041       3       sun.security.util.SignatureFileVerifier::matches (89 bytes)
Event: 3.437 Thread 0x000001e8fed32520 nmethod 1040 0x000001e88019d790 code [0x000001e88019da40, 0x000001e88019e900]
Event: 3.437 Thread 0x000001e8fea82fd0 nmethod 1041 0x000001e88019ef10 code [0x000001e88019f1c0, 0x000001e8801a0010]

GC Heap History (0 events):
No events

Dll operation events (8 events):
Event: 0.359 Loaded shared library c:\Users\mziyabos\.vscode\extensions\redhat.java-1.54.0-win32-x64\jre\21.0.10-win32-x86_64\bin\java.dll
Event: 0.859 Loaded shared library c:\Users\mziyabos\.vscode\extensions\redhat.java-1.54.0-win32-x64\jre\21.0.10-win32-x86_64\bin\zip.dll
Event: 0.944 Loaded shared library C:\Users\mziyabos\.vscode\extensions\redhat.java-1.54.0-win32-x64\jre\21.0.10-win32-x86_64\bin\instrument.dll
Event: 1.062 Loaded shared library C:\Users\mziyabos\.vscode\extensions\redhat.java-1.54.0-win32-x64\jre\21.0.10-win32-x86_64\bin\net.dll
Event: 1.251 Loaded shared library C:\Users\mziyabos\.vscode\extensions\redhat.java-1.54.0-win32-x64\jre\21.0.10-win32-x86_64\bin\nio.dll
Event: 1.265 Loaded shared library C:\Users\mziyabos\.vscode\extensions\redhat.java-1.54.0-win32-x64\jre\21.0.10-win32-x86_64\bin\zip.dll
Event: 1.327 Loaded shared library C:\Users\mziyabos\.vscode\extensions\redhat.java-1.54.0-win32-x64\jre\21.0.10-win32-x86_64\bin\jimage.dll
Event: 1.790 Loaded shared library c:\Users\mziyabos\.vscode\extensions\redhat.java-1.54.0-win32-x64\jre\21.0.10-win32-x86_64\bin\verify.dll

Deoptimization events (20 events):
Event: 2.645 Thread 0x000001e8f5c6f190 DEOPT PACKING pc=0x000001e88010e404 sp=0x000000cfc6dfd630
Event: 2.645 Thread 0x000001e8f5c6f190 DEOPT UNPACKING pc=0x000001e8874a4242 sp=0x000000cfc6dfca88 mode 0
Event: 2.646 Thread 0x000001e8f5c6f190 DEOPT PACKING pc=0x000001e88010e404 sp=0x000000cfc6dfd6c0
Event: 2.646 Thread 0x000001e8f5c6f190 DEOPT UNPACKING pc=0x000001e8874a4242 sp=0x000000cfc6dfcb18 mode 0
Event: 2.646 Thread 0x000001e8f5c6f190 DEOPT PACKING pc=0x000001e88010e404 sp=0x000000cfc6dfd6c0
Event: 2.646 Thread 0x000001e8f5c6f190 DEOPT UNPACKING pc=0x000001e8874a4242 sp=0x000000cfc6dfcb18 mode 0
Event: 2.859 Thread 0x000001e8f5c6f190 Uncommon trap: trap_request=0xffffff45 fr.pc=0x000001e887be852c relative=0x000000000000008c
Event: 2.859 Thread 0x000001e8f5c6f190 Uncommon trap: reason=unstable_if action=reinterpret pc=0x000001e887be852c method=jdk.internal.misc.Unsafe.convEndian(ZI)I @ 4 c2
Event: 2.859 Thread 0x000001e8f5c6f190 DEOPT PACKING pc=0x000001e887be852c sp=0x000000cfc6dfd9a0
Event: 2.859 Thread 0x000001e8f5c6f190 DEOPT UNPACKING pc=0x000001e8874a3aa2 sp=0x000000cfc6dfd8d0 mode 2
Event: 2.866 Thread 0x000001e8f5c6f190 Uncommon trap: trap_request=0xffffff45 fr.pc=0x000001e887bd3e60 relative=0x0000000000000600
Event: 2.866 Thread 0x000001e8f5c6f190 Uncommon trap: reason=unstable_if action=reinterpret pc=0x000001e887bd3e60 method=java.lang.AbstractStringBuilder.append(Ljava/lang/String;)Ljava/lang/AbstractStringBuilder; @ 1 c2
Event: 2.866 Thread 0x000001e8f5c6f190 DEOPT PACKING pc=0x000001e887bd3e60 sp=0x000000cfc6dfdd00
Event: 2.866 Thread 0x000001e8f5c6f190 DEOPT UNPACKING pc=0x000001e8874a3aa2 sp=0x000000cfc6dfdc90 mode 2
Event: 2.866 Thread 0x000001e8f5c6f190 Uncommon trap: trap_request=0xffffff45 fr.pc=0x000001e887bd324c relative=0x00000000000005ec
Event: 2.866 Thread 0x000001e8f5c6f190 Uncommon trap: reason=unstable_if action=reinterpret pc=0x000001e887bd324c method=java.lang.AbstractStringBuilder.append(Ljava/lang/String;)Ljava/lang/AbstractStringBuilder; @ 1 c2
Event: 2.866 Thread 0x000001e8f5c6f190 DEOPT PACKING pc=0x000001e887bd324c sp=0x000000cfc6dfdcb0
Event: 2.866 Thread 0x000001e8f5c6f190 DEOPT UNPACKING pc=0x000001e8874a3aa2 sp=0x000000cfc6dfdc98 mode 2
Event: 2.920 Thread 0x000001e8f5c6f190 DEOPT PACKING pc=0x000001e880126a7b sp=0x000000cfc6dfd1e0
Event: 2.920 Thread 0x000001e8f5c6f190 DEOPT UNPACKING pc=0x000001e8874a4242 sp=0x000000cfc6dfc658 mode 0

Classes loaded (20 events):
Event: 3.245 Loading class java/nio/file/attribute/AclFileAttributeView
Event: 3.245 Loading class java/nio/file/attribute/FileOwnerAttributeView
Event: 3.245 Loading class java/nio/file/attribute/FileOwnerAttributeView done
Event: 3.245 Loading class java/nio/file/attribute/AclFileAttributeView done
Event: 3.245 Loading class sun/nio/fs/AbstractAclFileAttributeView done
Event: 3.245 Loading class sun/nio/fs/WindowsAclFileAttributeView done
Event: 3.246 Loading class sun/nio/fs/WindowsSecurity
Event: 3.246 Loading class sun/nio/fs/WindowsSecurity done
Event: 3.248 Loading class sun/nio/fs/WindowsFileStore
Event: 3.248 Loading class java/nio/file/FileStore
Event: 3.249 Loading class java/nio/file/FileStore done
Event: 3.249 Loading class sun/nio/fs/WindowsFileStore done
Event: 3.265 Loading class java/net/URLClassLoader$1
Event: 3.265 Loading class java/net/URLClassLoader$1 done
Event: 3.445 Loading class java/io/FilePermission$1
Event: 3.446 Loading class jdk/internal/access/JavaIOFilePermissionAccess
Event: 3.446 Loading class jdk/internal/access/JavaIOFilePermissionAccess done
Event: 3.446 Loading class java/io/FilePermission$1 done
Event: 3.448 Loading class java/io/FilePermissionCollection
Event: 3.448 Loading class java/io/FilePermissionCollection done

Classes unloaded (0 events):
No events

Classes redefined (0 events):
No events

Internal exceptions (20 events):
Event: 1.482 Thread 0x000001e8f5c6f190 Exception <a 'java/lang/NoSuchMethodError'{0x00000000d5afb0b8}: 'int java.lang.invoke.DirectMethodHandle$Holder.invokeSpecial(java.lang.Object, java.lang.Object, java.lang.Object)'> (0x00000000d5afb0b8) 
thrown [s\src\hotspot\share\interpreter\linkResolver.cpp, line 773]
Event: 1.488 Thread 0x000001e8f5c6f190 Exception <a 'java/lang/NoSuchMethodError'{0x00000000d5b06d78}: 'java.lang.Object java.lang.invoke.DirectMethodHandle$Holder.invokeStatic(java.lang.Object, java.lang.Object, int)'> (0x00000000d5b06d78) 
thrown [s\src\hotspot\share\interpreter\linkResolver.cpp, line 773]
Event: 1.490 Thread 0x000001e8f5c6f190 Exception <a 'java/lang/NoSuchMethodError'{0x00000000d5b0b6c8}: 'void java.lang.invoke.DirectMethodHandle$Holder.invokeStatic(java.lang.Object, java.lang.Object, int, java.lang.Object)'> (0x00000000d5b0b6c8) 
thrown [s\src\hotspot\share\interpreter\linkResolver.cpp, line 773]
Event: 1.493 Thread 0x000001e8f5c6f190 Exception <a 'java/lang/NoSuchMethodError'{0x00000000d5b0f258}: 'void java.lang.invoke.DirectMethodHandle$Holder.invokeSpecial(java.lang.Object, java.lang.Object, java.lang.Object, int, java.lang.Object)'> (0x00000000d5b0f258) 
thrown [s\src\hotspot\share\interpreter\linkResolver.cpp, line 773]
Event: 1.495 Thread 0x000001e8f5c6f190 Exception <a 'java/lang/NoSuchMethodError'{0x00000000d5b12920}: 'void java.lang.invoke.DelegatingMethodHandle$Holder.delegate(java.lang.Object, java.lang.Object, int, java.lang.Object)'> (0x00000000d5b12920) 
thrown [s\src\hotspot\share\interpreter\linkResolver.cpp, line 773]
Event: 1.913 Thread 0x000001e8f5c6f190 Exception <a 'java/lang/NoSuchMethodError'{0x00000000d5cd2400}: 'void java.lang.invoke.DelegatingMethodHandle$Holder.reinvoke_L(java.lang.Object, java.lang.Object, java.lang.Object, int)'> (0x00000000d5cd2400) 
thrown [s\src\hotspot\share\interpreter\linkResolver.cpp, line 773]
Event: 2.385 Thread 0x000001e8f5c6f190 Exception <a 'java/lang/NoSuchMethodError'{0x00000000d615f1f8}: 'void java.lang.invoke.DirectMethodHandle$Holder.invokeVirtual(java.lang.Object, java.lang.Object)'> (0x00000000d615f1f8) 
thrown [s\src\hotspot\share\interpreter\linkResolver.cpp, line 773]
Event: 2.722 Thread 0x000001e8f5c6f190 Exception <a 'java/lang/NoSuchMethodError'{0x00000000d6544788}: 'void java.lang.invoke.DirectMethodHandle$Holder.invokeStatic(java.lang.Object, java.lang.Object)'> (0x00000000d6544788) 
thrown [s\src\hotspot\share\interpreter\linkResolver.cpp, line 773]
Event: 2.739 Thread 0x000001e8f5c6f190 Exception <a 'java/lang/ClassNotFoundException'{0x00000000d656c888}: sun/net/www/protocol/c/Handler> (0x00000000d656c888) 
thrown [s\src\hotspot\share\classfile\systemDictionary.cpp, line 312]
Event: 2.851 Thread 0x000001e8f5c6f190 Exception <a 'java/io/FileNotFoundException'{0x00000000d65ca380}> (0x00000000d65ca380) 
thrown [s\src\hotspot\share\prims\jni.cpp, line 520]
Event: 2.853 Thread 0x000001e8f5c6f190 Exception <a 'java/io/FileNotFoundException'{0x00000000d65cb6b8}> (0x00000000d65cb6b8) 
thrown [s\src\hotspot\share\prims\jni.cpp, line 520]
Event: 2.853 Thread 0x000001e8f5c6f190 Exception <a 'java/io/FileNotFoundException'{0x00000000d65cc340}> (0x00000000d65cc340) 
thrown [s\src\hotspot\share\prims\jni.cpp, line 520]
Event: 2.854 Thread 0x000001e8f5c6f190 Exception <a 'java/io/FileNotFoundException'{0x00000000d65cceb0}> (0x00000000d65cceb0) 
thrown [s\src\hotspot\share\prims\jni.cpp, line 520]
Event: 2.866 Thread 0x000001e8f5c6f190 Implicit null exception at 0x000001e887bd38a4 to 0x000001e887bd3e48
Event: 2.866 Thread 0x000001e8f5c6f190 Implicit null exception at 0x000001e887bd2ca0 to 0x000001e887bd3234
Event: 2.876 Thread 0x000001e8f5c6f190 Exception <a 'java/io/FileNotFoundException'{0x00000000d6607088}> (0x00000000d6607088) 
thrown [s\src\hotspot\share\prims\jni.cpp, line 520]
Event: 2.914 Thread 0x000001e8f5c6f190 Exception <a 'java/lang/NoSuchMethodError'{0x00000000d6643a90}: 'java.lang.Object java.lang.invoke.DirectMethodHandle$Holder.invokeInterface(java.lang.Object, java.lang.Object)'> (0x00000000d6643a90) 
thrown [s\src\hotspot\share\interpreter\linkResolver.cpp, line 773]
Event: 2.928 Thread 0x000001e8f5c6f190 Exception <a 'java/lang/NoSuchMethodError'{0x00000000d6657510}: 'java.lang.Object java.lang.invoke.Invokers$Holder.invokeExact_MT(java.lang.Object, java.lang.Object, java.lang.Object, java.lang.Object, java.lang.Object, java.lang.Object)'> (0x00000000d6657510) 
thrown [s\src\hotspot\share\interpreter\linkResolver.cpp, line 773]
Event: 2.944 Thread 0x000001e8f5c6f190 Exception <a 'java/lang/NoSuchMethodError'{0x00000000d666e5e8}: 'int java.lang.invoke.DirectMethodHandle$Holder.invokeStatic(java.lang.Object, java.lang.Object, java.lang.Object, java.lang.Object, java.lang.Object)'> (0x00000000d666e5e8) 
thrown [s\src\hotspot\share\interpreter\linkResolver.cpp, line 773]
Event: 3.104 Thread 0x000001e8f5c6f190 Exception <a 'java/lang/NoSuchMethodError'{0x00000000d6703fc8}: 'java.lang.Object java.lang.invoke.DirectMethodHandle$Holder.invokeInterface(java.lang.Object, java.lang.Object, int)'> (0x00000000d6703fc8) 
thrown [s\src\hotspot\share\interpreter\linkResolver.cpp, line 773]

ZGC Phase Switch (0 events):
No events

VM Operations (10 events):
Event: 0.699 Executing non-safepoint VM operation: HandshakeAllThreads (Deoptimize)
Event: 0.699 Executing non-safepoint VM operation: HandshakeAllThreads (Deoptimize) done
Event: 1.376 Executing non-safepoint VM operation: HandshakeAllThreads (Deoptimize)
Event: 1.376 Executing non-safepoint VM operation: HandshakeAllThreads (Deoptimize) done
Event: 2.381 Executing safepoint VM operation: Cleanup
Event: 2.381 Executing safepoint VM operation: Cleanup done
Event: 2.656 Executing non-safepoint VM operation: HandshakeAllThreads (Deoptimize)
Event: 2.656 Executing non-safepoint VM operation: HandshakeAllThreads (Deoptimize) done
Event: 2.708 Executing non-safepoint VM operation: HandshakeAllThreads (Deoptimize)
Event: 2.708 Executing non-safepoint VM operation: HandshakeAllThreads (Deoptimize) done

Memory protections (0 events):
No events

Nmethod flushes (0 events):
No events

Events (20 events):
Event: 0.557 Thread 0x000001e8f5c6f190 Thread added: 0x000001e8f5bfea80
Event: 0.558 Thread 0x000001e8f5c6f190 Thread added: 0x000001e8f5c009e0
Event: 0.559 Thread 0x000001e8f5c6f190 Thread added: 0x000001e8f5c033d0
Event: 0.559 Thread 0x000001e8f5c6f190 Thread added: 0x000001e8f5c097b0
Event: 0.560 Thread 0x000001e8f5c6f190 Thread added: 0x000001e8fea7a7f0
Event: 0.560 Thread 0x000001e8f5c6f190 Thread added: 0x000001e8fea807c0
Event: 0.561 Thread 0x000001e8f5c6f190 Thread added: 0x000001e8fea82fd0
Event: 0.697 Thread 0x000001e8fea82fd0 Thread added: 0x000001e8feb7dc30
Event: 0.952 Thread 0x000001e8f5c6f190 Thread added: 0x000001e8fea7bba0
Event: 1.358 Thread 0x000001e8fea82fd0 Thread added: 0x000001e8fed32520
Event: 1.602 Thread 0x000001e8feb7dc30 Thread added: 0x000001e8fed599b0
Event: 1.817 Thread 0x000001e8fed599b0 Thread exited: 0x000001e8fed599b0
Event: 2.189 Thread 0x000001e8f5c6f190 Thread added: 0x000001e8fea7b510
Event: 2.323 Thread 0x000001e8feb7dc30 Thread added: 0x000001e8d514d6e0
Event: 2.497 Thread 0x000001e8d514d6e0 Thread added: 0x000001e8d514c940
Event: 2.694 Thread 0x000001e8feb7dc30 Thread added: 0x000001e8d514c270
Event: 3.064 Thread 0x000001e8d514c270 Thread exited: 0x000001e8d514c270
Event: 3.227 Thread 0x000001e8d514c940 Thread exited: 0x000001e8d514c940
Event: 3.228 Thread 0x000001e8d514d6e0 Thread exited: 0x000001e8d514d6e0
Event: 3.386 Thread 0x000001e8fea82fd0 Thread added: 0x000001e8d514f8f0


Dynamic libraries:
0x00007ff76bf80000 - 0x00007ff76bf8e000 	c:\Users\mziyabos\.vscode\extensions\redhat.java-1.54.0-win32-x64\jre\21.0.10-win32-x86_64\bin\java.exe
0x00007fff15270000 - 0x00007fff15487000 	C:\Windows\SYSTEM32\ntdll.dll
0x00007fff14570000 - 0x00007fff14634000 	C:\Windows\System32\KERNEL32.DLL
0x00007fff126b0000 - 0x00007fff12a82000 	C:\Windows\System32\KERNELBASE.dll
0x00007fff03520000 - 0x00007fff035b7000 	C:\Windows\SYSTEM32\apphelp.dll
0x00007fff124d0000 - 0x00007fff125e1000 	C:\Windows\System32\ucrtbase.dll
0x00007fff00e00000 - 0x00007fff00e18000 	c:\Users\mziyabos\.vscode\extensions\redhat.java-1.54.0-win32-x64\jre\21.0.10-win32-x86_64\bin\jli.dll
0x00007fff00e30000 - 0x00007fff00e4e000 	c:\Users\mziyabos\.vscode\extensions\redhat.java-1.54.0-win32-x64\jre\21.0.10-win32-x86_64\bin\VCRUNTIME140.dll
0x00007fff137c0000 - 0x00007fff13971000 	C:\Windows\System32\USER32.dll
0x00007fff116f0000 - 0x00007fff1198b000 	C:\Windows\WinSxS\amd64_microsoft.windows.common-controls_6595b64144ccf1df_6.0.22621.5697_none_27154c497380d676\COMCTL32.dll
0x00007fff12360000 - 0x00007fff12386000 	C:\Windows\System32\win32u.dll
0x00007fff14760000 - 0x00007fff14807000 	C:\Windows\System32\msvcrt.dll
0x00007fff13fb0000 - 0x00007fff13fd9000 	C:\Windows\System32\GDI32.dll
0x00007fff12b10000 - 0x00007fff12c33000 	C:\Windows\System32\gdi32full.dll
0x00007fff12de0000 - 0x00007fff12e7a000 	C:\Windows\System32\msvcp_win.dll
0x00007fff13a10000 - 0x00007fff13a41000 	C:\Windows\System32\IMM32.DLL
0x00007fff0dbf0000 - 0x00007fff0dbfc000 	c:\Users\mziyabos\.vscode\extensions\redhat.java-1.54.0-win32-x64\jre\21.0.10-win32-x86_64\bin\vcruntime140_1.dll
0x00007ffedb0a0000 - 0x00007ffedb12d000 	c:\Users\mziyabos\.vscode\extensions\redhat.java-1.54.0-win32-x64\jre\21.0.10-win32-x86_64\bin\msvcp140.dll
0x00007ffea1e90000 - 0x00007ffea2c31000 	c:\Users\mziyabos\.vscode\extensions\redhat.java-1.54.0-win32-x64\jre\21.0.10-win32-x86_64\bin\server\jvm.dll
0x00007fff14390000 - 0x00007fff14441000 	C:\Windows\System32\ADVAPI32.dll
0x00007fff144c0000 - 0x00007fff14568000 	C:\Windows\System32\sechost.dll
0x00007fff12c40000 - 0x00007fff12c68000 	C:\Windows\System32\bcrypt.dll
0x00007fff14640000 - 0x00007fff14757000 	C:\Windows\System32\RPCRT4.dll
0x00007fff149f0000 - 0x00007fff14a61000 	C:\Windows\System32\WS2_32.dll
0x00007fff0d400000 - 0x00007fff0d434000 	C:\Windows\SYSTEM32\WINMM.dll
0x00007fff11eb0000 - 0x00007fff11efd000 	C:\Windows\SYSTEM32\POWRPROF.dll
0x00007ffefa4f0000 - 0x00007ffefa4fa000 	C:\Windows\SYSTEM32\VERSION.dll
0x00007fff11b40000 - 0x00007fff11b53000 	C:\Windows\SYSTEM32\UMPDC.dll
0x00007fff10950000 - 0x00007fff10968000 	C:\Windows\SYSTEM32\kernel.appcore.dll
0x00007ffef9600000 - 0x00007ffef960a000 	c:\Users\mziyabos\.vscode\extensions\redhat.java-1.54.0-win32-x64\jre\21.0.10-win32-x86_64\bin\jimage.dll
0x00007fff11c70000 - 0x00007fff11ea3000 	C:\Windows\SYSTEM32\DBGHELP.DLL
0x00007fff13fe0000 - 0x00007fff14372000 	C:\Windows\System32\combase.dll
0x00007fff14a80000 - 0x00007fff14b58000 	C:\Windows\System32\OLEAUT32.dll
0x00007fff11b60000 - 0x00007fff11b92000 	C:\Windows\SYSTEM32\dbgcore.DLL
0x00007fff12a90000 - 0x00007fff12b0b000 	C:\Windows\System32\bcryptPrimitives.dll
0x00007ffee5010000 - 0x00007ffee501f000 	c:\Users\mziyabos\.vscode\extensions\redhat.java-1.54.0-win32-x64\jre\21.0.10-win32-x86_64\bin\instrument.dll
0x00007ffef9590000 - 0x00007ffef95b0000 	c:\Users\mziyabos\.vscode\extensions\redhat.java-1.54.0-win32-x64\jre\21.0.10-win32-x86_64\bin\java.dll
0x00007fff12f00000 - 0x00007fff137a1000 	C:\Windows\System32\SHELL32.dll
0x00007fff12390000 - 0x00007fff124cf000 	C:\Windows\System32\wintypes.dll
0x00007fff0f670000 - 0x00007fff0ff8a000 	C:\Windows\SYSTEM32\windows.storage.dll
0x00007fff13c20000 - 0x00007fff13d2b000 	C:\Windows\System32\SHCORE.dll
0x00007fff14450000 - 0x00007fff144b9000 	C:\Windows\System32\shlwapi.dll
0x00007fff12290000 - 0x00007fff122bb000 	C:\Windows\SYSTEM32\profapi.dll
0x00007ffeef650000 - 0x00007ffeef668000 	c:\Users\mziyabos\.vscode\extensions\redhat.java-1.54.0-win32-x64\jre\21.0.10-win32-x86_64\bin\zip.dll
0x00007ffef95f0000 - 0x00007ffef9600000 	C:\Users\mziyabos\.vscode\extensions\redhat.java-1.54.0-win32-x64\jre\21.0.10-win32-x86_64\bin\net.dll
0x00007fff10970000 - 0x00007fff10a9c000 	C:\Windows\SYSTEM32\WINHTTP.dll
0x00007fff10f00000 - 0x00007fff10f69000 	C:\Windows\system32\mswsock.dll
0x00007ffee5570000 - 0x00007ffee5586000 	C:\Users\mziyabos\.vscode\extensions\redhat.java-1.54.0-win32-x64\jre\21.0.10-win32-x86_64\bin\nio.dll
0x00007ffee4f40000 - 0x00007ffee4f50000 	c:\Users\mziyabos\.vscode\extensions\redhat.java-1.54.0-win32-x64\jre\21.0.10-win32-x86_64\bin\verify.dll

JVMTI agents:
c:\Users\mziyabos\.vscode\extensions\redhat.java-1.54.0-win32-x64\lombok\lombok-1.18.39-4050.jar path:c:\Users\mziyabos\.vscode\extensions\redhat.java-1.54.0-win32-x64\jre\21.0.10-win32-x86_64\bin\instrument.dll, loaded, initialized, instrumentlib options:none

dbghelp: loaded successfully - version: 4.0.5 - missing functions: none
symbol engine: initialized successfully - sym options: 0x614 - pdb path: .;c:\Users\mziyabos\.vscode\extensions\redhat.java-1.54.0-win32-x64\jre\21.0.10-win32-x86_64\bin;C:\Windows\SYSTEM32;C:\Windows\WinSxS\amd64_microsoft.windows.common-controls_6595b64144ccf1df_6.0.22621.5697_none_27154c497380d676;c:\Users\mziyabos\.vscode\extensions\redhat.java-1.54.0-win32-x64\jre\21.0.10-win32-x86_64\bin\server

VM Arguments:
jvm_args: --add-modules=ALL-SYSTEM --add-opens=java.base/java.util=ALL-UNNAMED --add-opens=java.base/java.lang=ALL-UNNAMED --add-opens=java.base/sun.nio.fs=ALL-UNNAMED -Declipse.application=org.eclipse.jdt.ls.core.id1 -Dosgi.bundles.defaultStartLevel=4 -Declipse.product=org.eclipse.jdt.ls.core.product -Djava.import.generatesMetadataFilesAtProjectRoot=false -DDetectVMInstallationsJob.disabled=true -Dfile.encoding=utf8 -XX:+UseParallelGC -XX:GCTimeRatio=4 -XX:AdaptiveSizePolicyWeight=90 -Dsun.zip.disableMemoryMapping=true -Xmx2G -Xms100m -Xlog:disable -javaagent:c:\Users\mziyabos\.vscode\extensions\redhat.java-1.54.0-win32-x64\lombok\lombok-1.18.39-4050.jar 
java_command: c:\Users\mziyabos\.vscode\extensions\redhat.java-1.54.0-win32-x64\server\plugins\org.eclipse.equinox.launcher_1.7.100.v20251111-0406.jar -configuration c:\Users\mziyabos\AppData\Roaming\Code\User\globalStorage\redhat.java\1.54.0\config_ss_win -data c:\Users\mziyabos\AppData\Roaming\Code\User\workspaceStorage\67eed9360cde023d097973a63e202b54\redhat.java\ss_ws --pipe=\\.\pipe\lsp-8a8ec9e03ffce328cb0f7eccf1ac4ab1-sock
java_class_path (initial): c:\Users\mziyabos\.vscode\extensions\redhat.java-1.54.0-win32-x64\server\plugins\org.eclipse.equinox.launcher_1.7.100.v20251111-0406.jar
Launcher Type: SUN_STANDARD

[Global flags]
    uintx AdaptiveSizePolicyWeight                 = 90                                        {product} {command line}
     intx CICompilerCount                          = 12                                        {product} {ergonomic}
    uintx GCTimeRatio                              = 4                                         {product} {command line}
   size_t InitialHeapSize                          = 104857600                                 {product} {command line}
   size_t MaxHeapSize                              = 2147483648                                {product} {command line}
   size_t MaxNewSize                               = 715653120                                 {product} {ergonomic}
   size_t MinHeapDeltaBytes                        = 524288                                    {product} {ergonomic}
   size_t MinHeapSize                              = 104857600                                 {product} {command line}
   size_t NewSize                                  = 34603008                                  {product} {ergonomic}
    uintx NonNMethodCodeHeapSize                   = 7602480                                {pd product} {ergonomic}
    uintx NonProfiledCodeHeapSize                  = 122027880                              {pd product} {ergonomic}
   size_t OldSize                                  = 70254592                                  {product} {ergonomic}
    uintx ProfiledCodeHeapSize                     = 122027880                              {pd product} {ergonomic}
    uintx ReservedCodeCacheSize                    = 251658240                              {pd product} {ergonomic}
     bool SegmentedCodeCache                       = true                                      {product} {ergonomic}
   size_t SoftMaxHeapSize                          = 2147483648                             {manageable} {ergonomic}
     bool UseCompressedOops                        = true                           {product lp64_product} {ergonomic}
     bool UseLargePagesIndividualAllocation        = false                                  {pd product} {ergonomic}
     bool UseParallelGC                            = true                                      {product} {command line}

Logging:
Log output configuration:
 #0: stdout all=off uptime,level,tags foldmultilines=false
 #1: stderr all=off uptime,level,tags foldmultilines=false

Release file:
JAVA_VERSION="21.0.10" 
MODULES="java.base java.compiler java.datatransfer java.xml java.prefs java.desktop java.instrument java.logging java.management java.security.sasl java.naming java.rmi java.management.rmi java.net.http java.scripting java.security.jgss java.transaction.xa java.sql java.sql.rowset java.xml.crypto java.se java.smartcardio jdk.accessibility jdk.internal.jvmstat jdk.attach jdk.charsets jdk.internal.opt jdk.zipfs jdk.compiler jdk.crypto.ec jdk.crypto.cryptoki jdk.crypto.mscapi jdk.dynalink jdk.internal.ed jdk.editpad jdk.hotspot.agent jdk.httpserver jdk.internal.le jdk.internal.vm.ci jdk.internal.vm.compiler jdk.internal.vm.compiler.management jdk.jartool jdk.javadoc jdk.jcmd jdk.management jdk.management.agent jdk.jconsole jdk.jdeps jdk.jdwp.agent jdk.jdi jdk.jfr jdk.jshell jdk.jsobject jdk.jstatd jdk.localedata jdk.management.jfr jdk.naming.dns jdk.naming.rmi jdk.net jdk.nio.mapmode jdk.random jdk.sctp jdk.security.auth jdk.security.jgss jdk.unsupported jdk.unsupported.desktop jdk.xml.dom" 

Environment Variables:
PATH=C:\Program Files\PowerShell\7;C:\Ruby34-x64\bin;C:\Program Files\telepresence;C:\Python313\Scripts\;C:\Python313\;C:\Program Files\Zulu\zulu-8-jre\bin\;C:\Program Files\AdoptOpenJDK\jdk-11.0.8.10-hotspot\bin;C:\Windows\system32;C:\Windows;C:\Windows\System32\Wbem;C:\Windows\System32\WindowsPowerShell\v1.0\;C:\Windows\System32\OpenSSH\;C:\Program Files (x86)\Microsoft SQL Server\160\DTS\Binn\;C:\Program Files\Azure Data Studio\bin;C:\Program Files\nodejs\;C:\ProgramData\chocolatey\bin;C:\Program Files\AccuRevClient\bin;C:\Program Files\AccuRevClient\git-client;C:\Program Files\Git\cmd;C:\Program Files\Amazon\AWSCLIV2\;C:\Program Files\PowerShell\7\;C:\minikube;C:\Program Files\Docker\Docker\resources\bin;C:\Program Files\RedHat\Podman\;C:\Program Files\Go\bin;C:\Program Files\GitHub CLI\;C:\Program Files\Amazon\SessionManagerPlugin\bin\;C:\Program Files\Neovim\bin;C:\Users\mziyabos\.cargo\bin;C:\Users\mziyabos\AppData\Local\Programs\Microsoft\jdk-25.0.2.10-hotspot\bin;C:\Users\mziyabos\AppData\Local\Programs\oh-my-posh\bin\;C:\Users\mziyabos\AppData\Local\Microsoft\WindowsApps;C:\Users\mziyabos\AppData\Local\Programs\Microsoft VS Code\bin;C:\Users\mziyabos\bin\;C:\Users\mziyabos\AppData\Local\Microsoft\WinGet\Packages\ahmetb.kubectx_Microsoft.Winget.Source_8wekyb3d8bbwe;C:\Users\mziyabos\AppData\Local\Microsoft\WinGet\Packages\ahmetb.kubens_Microsoft.Winget.Source_8wekyb3d8bbwe;C:\Program Files\Vim\vim91\;C:\Users\mziyabos\.krew\bin\;C:\Users\mziyabos\AppData\Local\Microsoft\WinGet\Packages\jqlang.jq_Microsoft.Winget.Source_8wekyb3d8bbwe;C:\Program Files (x86)\GnuWin32\bin\;C:\Users\mziyabos\AppData\Local\Microsoft\WinGet\Packages\wagoodman.dive_Microsoft.Winget.Source_8wekyb3d8bbwe;C:\Users\mziyabos\AppData\Local\Microsoft\WinGet\Packages\Kubernetes.kompose_Microsoft.Winget.Source_8wekyb3d8bbwe;C:\Users\mziyabos\go\bin;C:\Go\bin;C:\Users\mziyabos\AppData\Local\Programs\cursor\resources\app\bin;C:\Users\mziyabos\AppData\Local\Microsoft\WinGet\Packages\TerraformLinters.tflint_Microsoft.Winget.Source_8wekyb3d8bbwe;C:\Users\mziyabos\AppData\Local\Microsoft\WinGet\Packages\junegunn.fzf_Microsoft.Winget.Source_8wekyb3d8bbwe;C:\Users\mziyabos\AppData\Local\Microsoft\WinGet\Packages\Kubernetes.kubectl_Microsoft.Winget.Source_8wekyb3d8bbwe;C:\Users\mziyabos\AppData\Local\Microsoft\WinGet\Packages\Kubecolor.kubecolor_Microsoft.Winget.Source_8wekyb3d8bbwe;C:\Users\mziyabos\AppData\Roaming\npm;C:\Windows\System32\OpenSSH\;C:\Users\mziyabos\AppData\Roaming\Python\Python313\Scripts;C:\ProgramData\chocolatey\lib\k9s\tools;C:\Ruby34-x64\bin\;C:\Users\mziyabos\AppData\Local\Microsoft\WinGet\Packages\Helm.Helm_Microsoft.Winget.Source_8wekyb3d8bbwe\windows-amd64;C:\Users\mziyabos\AppData\Roaming\helm\plugins\helm-diff;C:\Users\mziyabos\AppData\Local\Pandoc\;C:\Users\mziyabos\AppData\Local\Programs\glab;C:\Users\mziyabos\AppData\Local\Programs\gitlab-ci-local
USERNAME=MziyaboS
OS=Windows_NT
PROCESSOR_IDENTIFIER=Intel64 Family 6 Model 170 Stepping 4, GenuineIntel
TMP=C:\Users\mziyabos\AppData\Local\Temp
TEMP=C:\Users\mziyabos\AppData\Local\Temp




Periodic native trim disabled

---------------  S Y S T E M  ---------------

OS:
 Windows 11 , 64 bit Build 22621 (10.0.22621.5415)
OS uptime: 12 days 18:23 hours
Hyper-V role detected

CPU: total 22 (initial active 22) (11 cores per cpu, 2 threads per core) family 6 model 170 stepping 4 microcode 0x1c, cx8, cmov, fxsr, ht, mmx, 3dnowpref, sse, sse2, sse3, ssse3, sse4.1, sse4.2, popcnt, lzcnt, tsc, tscinvbit, avx, avx2, aes, erms, clmul, bmi1, bmi2, adx, sha, fma, vzeroupper, clflush, clflushopt, clwb, hv, serialize, rdtscp, rdpid, fsrm, f16c, cet_ibt, cet_ss
Processor Information for processor 0
  Max Mhz: 1400, Current Mhz: 1400, Mhz Limit: 1400
Processor Information for processor 1
  Max Mhz: 1400, Current Mhz: 1400, Mhz Limit: 1400
Processor Information for processor 2
  Max Mhz: 900, Current Mhz: 900, Mhz Limit: 900
Processor Information for processor 3
  Max Mhz: 900, Current Mhz: 900, Mhz Limit: 900
Processor Information for processor 4
  Max Mhz: 900, Current Mhz: 900, Mhz Limit: 900
Processor Information for processor 5
  Max Mhz: 900, Current Mhz: 900, Mhz Limit: 900
Processor Information for processor 6
  Max Mhz: 900, Current Mhz: 900, Mhz Limit: 900
Processor Information for processor 7
  Max Mhz: 900, Current Mhz: 900, Mhz Limit: 900
Processor Information for processor 8
  Max Mhz: 900, Current Mhz: 900, Mhz Limit: 900
Processor Information for processor 9
  Max Mhz: 900, Current Mhz: 900, Mhz Limit: 900
Processor Information for processor 10
  Max Mhz: 1400, Current Mhz: 1400, Mhz Limit: 1400
Processor Information for processor 11
  Max Mhz: 1400, Current Mhz: 1400, Mhz Limit: 1400
Processor Information for processor 12
  Max Mhz: 1400, Current Mhz: 1400, Mhz Limit: 1400
Processor Information for processor 13
  Max Mhz: 1400, Current Mhz: 1400, Mhz Limit: 1400
Processor Information for processor 14
  Max Mhz: 1400, Current Mhz: 1400, Mhz Limit: 1400
Processor Information for processor 15
  Max Mhz: 1400, Current Mhz: 1400, Mhz Limit: 1400
Processor Information for processor 16
  Max Mhz: 1400, Current Mhz: 1400, Mhz Limit: 1400
Processor Information for processor 17
  Max Mhz: 1400, Current Mhz: 1400, Mhz Limit: 1400
Processor Information for processor 18
  Max Mhz: 1400, Current Mhz: 1400, Mhz Limit: 1400
Processor Information for processor 19
  Max Mhz: 1400, Current Mhz: 1400, Mhz Limit: 1400
Processor Information for processor 20
  Max Mhz: 700, Current Mhz: 700, Mhz Limit: 700
Processor Information for processor 21
  Max Mhz: 700, Current Mhz: 700, Mhz Limit: 700

Memory: 4k page, system-wide physical 64840M (6616M free)
TotalPageFile size 125767M (AvailPageFile size 33M)
current process WorkingSet (physical memory assigned to process): 75M, peak: 75M
current process commit charge ("private bytes"): 263M, peak: 263M

vm_info: OpenJDK 64-Bit Server VM (21.0.10+7-LTS) for windows-amd64 JRE (21.0.10+7-LTS), built on 2026-01-20T00:00:00Z by "admin" with MS VC++ 17.12 (VS2022)

END.
